<!DOCTYPE html PUBLIC "-//W3C//DTD XHTML 1.0 Transitional//EN"
  "http://www.w3.org/TR/xhtml1/DTD/xhtml1-transitional.dtd">


<html xmlns="http://www.w3.org/1999/xhtml">
  <head>
    <meta http-equiv="Content-Type" content="text/html; charset=utf-8" />
    
    <title>2017-10-19-axel-test-backtrace &mdash; OpticksDevNotes 0.0.1 documentation</title>
    
    <link rel="stylesheet" href="../_static/sphinxdoc.css" type="text/css" />
    <link rel="stylesheet" href="../_static/pygments.css" type="text/css" />
    
    <script type="text/javascript">
      var DOCUMENTATION_OPTIONS = {
        URL_ROOT:    '../',
        VERSION:     '0.0.1',
        COLLAPSE_INDEX: false,
        FILE_SUFFIX: '.html',
        HAS_SOURCE:  true
      };
    </script>
    <script type="text/javascript" src="../_static/jquery.js"></script>
    <script type="text/javascript" src="../_static/underscore.js"></script>
    <script type="text/javascript" src="../_static/doctools.js"></script>
    <link rel="top" title="OpticksDevNotes 0.0.1 documentation" href="../index.html" /> 
  </head>
  <body>
    <div class="related">
      <h3>Navigation</h3>
      <ul>
        <li class="right" style="margin-right: 10px">
          <a href="../genindex.html" title="General Index"
             accesskey="I">index</a></li>
        <li><a href="../index.html">OpticksDevNotes 0.0.1 documentation</a> &raquo;</li> 
      </ul>
    </div>
      <div class="sphinxsidebar">
        <div class="sphinxsidebarwrapper">
  <h3><a href="../index.html">Table Of Contents</a></h3>
  <ul>
<li><a class="reference internal" href="#">2017-10-19-axel-test-backtrace</a><ul>
<li><a class="reference internal" href="#updates-from-axel-2017-10-21">Updates from Axel 2017-10-21</a></li>
<li><a class="reference internal" href="#plog-test-fails-with-gcc5">PLOG test fails with gcc5</a></li>
<li><a class="reference internal" href="#op-sh-script-missing-opticks-on-ubuntu">op.sh script missing opticks- on Ubuntu</a></li>
<li><a class="reference internal" href="#fixed-ointerpolationtest-analysis-scripts-need-to-use-opticks-main-otherwise-depend-on-tmp-envvar">FIXED : OInterpolationTest : analysis scripts need to use opticks_main otherwise depend on TMP envvar</a></li>
<li><a class="reference internal" href="#gdb-ctestdetectortest-this-one-requires-cfg4-overhaul">gdb CTestDetectorTest : this one requires cfg4 overhaul</a></li>
</ul>
</li>
</ul>

  <h3>This Page</h3>
  <ul class="this-page-menu">
    <li><a href="../_sources/issues/2017-10-19-axel-test-backtrace.txt"
           rel="nofollow">Show Source</a></li>
  </ul>
<div id="searchbox" style="display: none">
  <h3>Quick search</h3>
    <form class="search" action="../search.html" method="get">
      <input type="text" name="q" />
      <input type="submit" value="Go" />
      <input type="hidden" name="check_keywords" value="yes" />
      <input type="hidden" name="area" value="default" />
    </form>
    <p class="searchtip" style="font-size: 90%">
    Enter search terms or a module, class or function name.
    </p>
</div>
<script type="text/javascript">$('#searchbox').show(0);</script>
        </div>
      </div>

    <div class="document">
      <div class="documentwrapper">
        <div class="bodywrapper">
          <div class="body">
            
  <div class="section" id="axel-test-backtrace">
<h1>2017-10-19-axel-test-backtrace<a class="headerlink" href="#axel-test-backtrace" title="Permalink to this headline">¶</a></h1>
<div class="highlight-python"><pre>98% tests passed, 6 tests failed out of 254

Total Test time (real) = 151.86 sec

The following tests FAILED:
    134 - OpticksCoreTest.OpticksTest (SEGFAULT)          # PLOG issues
    243 - cfg4Test.CGDMLDetectorTest (OTHER_FAULT)
    244 - cfg4Test.CGeometryTest (OTHER_FAULT)
    250 - cfg4Test.CInterpolationTest (OTHER_FAULT)

    242 - cfg4Test.CTestDetectorTest (OTHER_FAULT)        # old style PmtInBox geometry needs overhaul
    226 - OptiXRapTest.OInterpolationTest (Failed)        # missing GBndLib.npy

Errors while running CTest
opticks-t- : use -V to show output</pre>
</div>
<div class="section" id="updates-from-axel-2017-10-21">
<h2>Updates from Axel 2017-10-21<a class="headerlink" href="#updates-from-axel-2017-10-21" title="Permalink to this headline">¶</a></h2>
<div class="highlight-python"><pre>Hi Simon,

I ran:
cudarap-
cudarap-prepare-installcache

This reduced the failing tests to:

98% tests passed, 6 tests failed out of 254

Total Test time (real) = 153.28 sec

The following tests FAILED:
    134 - OpticksCoreTest.OpticksTest (OTHER_FAULT)
    226 - OptiXRapTest.OInterpolationTest (Failed)
    242 - cfg4Test.CTestDetectorTest (OTHER_FAULT)
    243 - cfg4Test.CGDMLDetectorTest (OTHER_FAULT)
    244 - cfg4Test.CGeometryTest (OTHER_FAULT)
    250 - cfg4Test.CInterpolationTest (OTHER_FAULT)
Errors while running CTest
opticks-t- : use -V to show output
So it's the same basis as before.

Axel



Hi Simon,

I started from scratch again, and the op.sh script is working now (at least the command "op -h).
However, there are a few new errors now:

96% tests passed, 11 tests failed out of 254

Total Test time (real) = 101.88 sec

The following tests FAILED:
    134 - OpticksCoreTest.OpticksTest (OTHER_FAULT)
    226 - OptiXRapTest.OInterpolationTest (Failed)
    227 - OptiXRapTest.ORayleighTest (OTHER_FAULT)
    231 - OKOPTest.OpSeederTest (OTHER_FAULT)
    236 - OKTest.OKTest (OTHER_FAULT)
    239 - OKTest.VizTest (OTHER_FAULT)
    242 - cfg4Test.CTestDetectorTest (OTHER_FAULT)
    243 - cfg4Test.CGDMLDetectorTest (OTHER_FAULT)
    244 - cfg4Test.CGeometryTest (OTHER_FAULT)
    250 - cfg4Test.CInterpolationTest (OTHER_FAULT)
    254 - okg4Test.OKG4Test (OTHER_FAULT)
Errors while running CTest
opticks-t- : use -V to show output</pre>
</div>
</div>
<div class="section" id="plog-test-fails-with-gcc5">
<h2>PLOG test fails with gcc5<a class="headerlink" href="#plog-test-fails-with-gcc5" title="Permalink to this headline">¶</a></h2>
<ul class="simple">
<li><a class="reference internal" href="PLOG-test-fails-with-gcc5.html"><em>PLOG-test-fails-with-gcc5</em></a></li>
</ul>
</div>
<div class="section" id="op-sh-script-missing-opticks-on-ubuntu">
<h2>op.sh script missing opticks- on Ubuntu<a class="headerlink" href="#op-sh-script-missing-opticks-on-ubuntu" title="Permalink to this headline">¶</a></h2>
<p>Axel:</p>
<div class="highlight-python"><pre>Additionally, I noticed problems with the op.sh script.
The command op --help works as described. But every other options like (-h or -G) gives back the following error:

/home/gpu/opticks/bin/op.sh: line 663: opticks-: command not found
/home/gpu/opticks/bin/op.sh: line 543: opticks-bindir: command not found
ubin /OKTest cfm cmdline -h
=== op-export : OPTICKS_BINARY /OKTest
ls: cannot access '/OKTest': No such file or directory
proceeding.. : /OKTest --size 1920,1080,1 -h
/home/gpu/opticks/bin/op.sh: line 713: /OKTest: No such file or directory
/home/gpu/opticks/bin/op.sh RC 127
Is this connected to the failing tests? I checked all the variables and have no idea, why the command opticks- is not found in this case.</pre>
</div>
<p>Curious the shebang line of the script  uses “#!/bin/bash -l” which should cause
it to source the .bash_profile that contains the setup (?).
In anycase as opticks- was used so little by op.sh, I have removed it,
thus depending entirely on the PATH being setup correctly
to find Opticks executables and scripts.  Which is a cleaner way.</p>
</div>
<div class="section" id="fixed-ointerpolationtest-analysis-scripts-need-to-use-opticks-main-otherwise-depend-on-tmp-envvar">
<h2>FIXED : OInterpolationTest : analysis scripts need to use opticks_main otherwise depend on TMP envvar<a class="headerlink" href="#fixed-ointerpolationtest-analysis-scripts-need-to-use-opticks-main-otherwise-depend-on-tmp-envvar" title="Permalink to this headline">¶</a></h2>
<div class="highlight-python"><pre>IOError: [Errno 2] No such file or directory: '$TMP/InterpolationTest/GBndLib/GBndLib.npy'
2017-10-18 15:49:52.771 INFO  [3879] [SSys::run@46] python /home/gpu/opticks/optixrap/tests/OInterpolationTest_interpol.py rc_raw : 256 rc : 1
2017-10-18 15:49:52.771 WARN  [3879] [SSys::run@52] SSys::run FAILED with  cmd python /home/gpu/opticks/optixrap/tests/OInterpolationTest_interpol.py possibly you need to set export PATH=$OPTICKS_HOME/ana:$OPTICKS_HOME/bin:/usr/local/opticks/lib:$PATH
[Thread 0x7fffeb874700 (LWP 3885) exited]
[Thread 0x7fffec075700 (LWP 3884) exited]
[Thread 0x7ffff7fb8780 (LWP 3879) exited]
[Inferior 1 (process 3879) exited with code 01]
(gdb) bt
No stack.</pre>
</div>
<p>Reproduced this with:</p>
<div class="highlight-python"><pre>unset TMP
OInterpolationTest</pre>
</div>
<p>If TMP is not defined then the analysis python scripts must use opticks_main,
wherein it gets defined internally within the python environ:</p>
<div class="highlight-python"><div class="highlight"><pre><span class="kn">from</span> <span class="nn">opticks.ana.base</span> <span class="kn">import</span> <span class="n">opticks_main</span>
</pre></div>
</div>
<div class="highlight-python"><pre>2017-10-19 14:27:01.598 INFO  [304911] [OContext::close@245] OContext::close m_cfg-&gt;apply() done.
2017-10-19 14:27:04.979 INFO  [304911] [OContext::launch@322] OContext::launch LAUNCH time: 3.38112
Traceback (most recent call last):
  File "/Users/blyth/opticks/optixrap/tests/OInterpolationTest_interpol.py", line 15, in &lt;module&gt;
    blib = PropLib.load_GBndLib(base)
  File "/Users/blyth/opticks/ana/proplib.py", line 96, in load_GBndLib
    t = np.load(os.path.expandvars(os.path.join(base,"GBndLib/GBndLib.npy")))
  File "/opt/local/Library/Frameworks/Python.framework/Versions/2.7/lib/python2.7/site-packages/numpy/lib/npyio.py", line 369, in load
    fid = open(file, "rb")
IOError: [Errno 2] No such file or directory: '$TMP/InterpolationTest/GBndLib/GBndLib.npy'
2017-10-19 14:27:05.139 INFO  [304911] [SSys::run@46] python /Users/blyth/opticks/optixrap/tests/OInterpolationTest_interpol.py rc_raw : 256 rc : 1
2017-10-19 14:27:05.139 WARN  [304911] [SSys::run@52] SSys::run FAILED with  cmd python /Users/blyth/opticks/optixrap/tests/OInterpolationTest_interpol.py possibly you need to set export PATH=$OPTICKS_HOME/ana:$OPTICKS_HOME/bin:/usr/local/opticks/lib:$PATH
simon:boostrap blyth$</pre>
</div>
</div>
<div class="section" id="gdb-ctestdetectortest-this-one-requires-cfg4-overhaul">
<h2>gdb CTestDetectorTest : this one requires cfg4 overhaul<a class="headerlink" href="#gdb-ctestdetectortest-this-one-requires-cfg4-overhaul" title="Permalink to this headline">¶</a></h2>
<div class="highlight-python"><pre>4294967295 bname Vacuum///Vacuum lv __dd__Geometry__RPC__lvRPCBarCham140xbf4c6a0
CTestDetectorTest: /home/gpu/opticks/ggeo/GSurLib.cc:147: void GSurLib::examineSolidBndSurfaces(): Assertion `node == i' failed.

Program received signal SIGABRT, Aborted.
0x00007ffff5ca8428 in __GI_raise (sig=sig@entry=6) at ../sysdeps/unix/sysv/linux/raise.c:54
54  ../sysdeps/unix/sysv/linux/raise.c: No such file or directory.
(gdb) bt
#0  0x00007ffff5ca8428 in __GI_raise (sig=sig@entry=6) at ../sysdeps/unix/sysv/linux/raise.c:54
#1  0x00007ffff5caa02a in __GI_abort () at abort.c:89
#2  0x00007ffff5ca0bd7 in __assert_fail_base (fmt=&lt;optimized out&gt;, assertion=assertion@entry=0x7ffff7049d2a "node == i", file=file@entry=0x7ffff7049d08 "/home/gpu/opticks/ggeo/GSurLib.cc",
    line=line@entry=147, function=function@entry=0x7ffff7049dc0 &lt;GSurLib::examineSolidBndSurfaces()::__PRETTY_FUNCTION__&gt; "void GSurLib::examineSolidBndSurfaces()") at assert.c:92
#3  0x00007ffff5ca0c82 in __GI___assert_fail (assertion=0x7ffff7049d2a "node == i", file=0x7ffff7049d08 "/home/gpu/opticks/ggeo/GSurLib.cc", line=147,
    function=0x7ffff7049dc0 &lt;GSurLib::examineSolidBndSurfaces()::__PRETTY_FUNCTION__&gt; "void GSurLib::examineSolidBndSurfaces()") at assert.c:101
#4  0x00007ffff6fd83ac in GSurLib::examineSolidBndSurfaces (this=0x3024c00) at /home/gpu/opticks/ggeo/GSurLib.cc:147
#5  0x00007ffff6fd7f18 in GSurLib::close (this=0x3024c00) at /home/gpu/opticks/ggeo/GSurLib.cc:93
#6  0x00007ffff66aa3d6 in CDetector::attachSurfaces (this=0x30245e0) at /home/gpu/opticks/cfg4/CDetector.cc:244
#7  0x00007ffff665fc8a in CGeometry::init (this=0x3023bd0) at /home/gpu/opticks/cfg4/CGeometry.cc:73
#8  0x00007ffff665f9e4 in CGeometry::CGeometry (this=0x3023bd0, hub=0x7fffffffd2d0) at /home/gpu/opticks/cfg4/CGeometry.cc:39
#9  0x00007ffff66c27ca in CG4::CG4 (this=0x7fffffffd350, hub=0x7fffffffd2d0) at /home/gpu/opticks/cfg4/CG4.cc:123
#10 0x0000000000403e2f in main (argc=1, argv=0x7fffffffd998) at /home/gpu/opticks/cfg4/tests/CTestDetectorTest.cc:50</pre>
</div>
</div>
</div>


          </div>
        </div>
      </div>
      <div class="clearer"></div>
    </div>
    <div class="related">
      <h3>Navigation</h3>
      <ul>
        <li class="right" style="margin-right: 10px">
          <a href="../genindex.html" title="General Index"
             >index</a></li>
        <li><a href="../index.html">OpticksDevNotes 0.0.1 documentation</a> &raquo;</li> 
      </ul>
    </div>
    <div class="footer">
        &copy; Copyright 2016, Simon C Blyth.
      Created using <a href="http://sphinx-doc.org/">Sphinx</a> 1.2.
    </div>
  </body>
</html>