<!DOCTYPE html PUBLIC "-//W3C//DTD XHTML 1.0 Transitional//EN"
  "http://www.w3.org/TR/xhtml1/DTD/xhtml1-transitional.dtd">


<html xmlns="http://www.w3.org/1999/xhtml">
  <head>
    <meta http-equiv="Content-Type" content="text/html; charset=utf-8" />
    
    <title>Some opticks-t testing taking too long &mdash; OpticksDevNotes 0.0.1 documentation</title>
    
    <link rel="stylesheet" href="../_static/sphinxdoc.css" type="text/css" />
    <link rel="stylesheet" href="../_static/pygments.css" type="text/css" />
    
    <script type="text/javascript">
      var DOCUMENTATION_OPTIONS = {
        URL_ROOT:    '../',
        VERSION:     '0.0.1',
        COLLAPSE_INDEX: false,
        FILE_SUFFIX: '.html',
        HAS_SOURCE:  true
      };
    </script>
    <script type="text/javascript" src="../_static/jquery.js"></script>
    <script type="text/javascript" src="../_static/underscore.js"></script>
    <script type="text/javascript" src="../_static/doctools.js"></script>
    <link rel="top" title="OpticksDevNotes 0.0.1 documentation" href="../index.html" /> 
  </head>
  <body>
    <div class="related">
      <h3>Navigation</h3>
      <ul>
        <li class="right" style="margin-right: 10px">
          <a href="../genindex.html" title="General Index"
             accesskey="I">index</a></li>
        <li><a href="../index.html">OpticksDevNotes 0.0.1 documentation</a> &raquo;</li> 
      </ul>
    </div>
      <div class="sphinxsidebar">
        <div class="sphinxsidebarwrapper">
  <h3>This Page</h3>
  <ul class="this-page-menu">
    <li><a href="../_sources/issues/2017-08-23-opticks-t.txt"
           rel="nofollow">Show Source</a></li>
  </ul>
<div id="searchbox" style="display: none">
  <h3>Quick search</h3>
    <form class="search" action="../search.html" method="get">
      <input type="text" name="q" />
      <input type="submit" value="Go" />
      <input type="hidden" name="check_keywords" value="yes" />
      <input type="hidden" name="area" value="default" />
    </form>
    <p class="searchtip" style="font-size: 90%">
    Enter search terms or a module, class or function name.
    </p>
</div>
<script type="text/javascript">$('#searchbox').show(0);</script>
        </div>
      </div>

    <div class="document">
      <div class="documentwrapper">
        <div class="bodywrapper">
          <div class="body">
            
  <div class="section" id="some-opticks-t-testing-taking-too-long">
<h1>Some opticks-t testing taking too long<a class="headerlink" href="#some-opticks-t-testing-taking-too-long" title="Permalink to this headline">Â¶</a></h1>
<p>Many tests taking more than a second,</p>
<ul class="simple">
<li>probably due to envvar sensitivity pointing at heavy geometies</li>
<li>TODO: investigate the slow ones and arrange testing to use smaller geometries</li>
</ul>
<div class="highlight-python"><pre>simon:opticks blyth$ opticks-t
Test project /usr/local/opticks/build
  ...
        Start   4: SysRapTest.SSysTest
  4/251 Test   #4: SysRapTest.SSysTest ..........................   Passed    1.13 sec

        Start 100: NPYTest.NScanTest
100/251 Test #100: NPYTest.NScanTest ............................   Passed    3.18 sec

        Start 118: NPYTest.NDualContouringSampleTest
118/251 Test #118: NPYTest.NDualContouringSampleTest ............   Passed    1.32 sec

        Start 124: NPYTest.NSceneMeshTest
124/251 Test #124: NPYTest.NSceneMeshTest .......................   Passed    6.49 sec


        Start 177: GGeoTest.GMakerTest
177/251 Test #177: GGeoTest.GMakerTest ..........................   Passed    3.81 sec

        Start 191: AssimpRapTest.AssimpRapTest
191/251 Test #191: AssimpRapTest.AssimpRapTest ..................   Passed    3.22 sec

        Start 193: AssimpRapTest.AssimpGGeoTest
193/251 Test #193: AssimpRapTest.AssimpGGeoTest .................   Passed    1.97 sec

        Start 196: OpticksGeometryTest.OpenMeshRapTest
196/251 Test #196: OpticksGeometryTest.OpenMeshRapTest ..........   Passed    1.98 sec

        Start 223: OptiXRapTest.OEventTest
223/251 Test #223: OptiXRapTest.OEventTest ......................   Passed    1.13 sec
        Start 224: OptiXRapTest.OInterpolationTest
224/251 Test #224: OptiXRapTest.OInterpolationTest ..............***Failed    5.33 sec
        Start 225: OptiXRapTest.ORayleighTest
225/251 Test #225: OptiXRapTest.ORayleighTest ...................   Passed    6.99 sec

        Start 228: OKOPTest.OpIndexerTest
228/251 Test #228: OKOPTest.OpIndexerTest .......................   Passed    1.15 sec
        Start 229: OKOPTest.OpSeederTest
229/251 Test #229: OKOPTest.OpSeederTest ........................   Passed    6.92 sec

        Start 233: OKTest.OKTest
233/251 Test #233: OKTest.OKTest ................................   Passed    8.37 sec
        Start 234: OKTest.OTracerTest
234/251 Test #234: OKTest.OTracerTest ...........................   Passed    1.45 sec

        Start 236: OKTest.VizTest
236/251 Test #236: OKTest.VizTest ...............................   Passed    6.79 sec

        Start 239: cfg4Test.CTestDetectorTest
239/251 Test #239: cfg4Test.CTestDetectorTest ...................***Exception: Other  3.02 sec
        Start 240: cfg4Test.CGDMLDetectorTest
240/251 Test #240: cfg4Test.CGDMLDetectorTest ...................   Passed    1.05 sec

        Start 242: cfg4Test.CG4Test
242/251 Test #242: cfg4Test.CG4Test .............................   Passed   12.11 sec

        Start 246: cfg4Test.CCollectorTest
246/251 Test #246: cfg4Test.CCollectorTest ......................   Passed    9.80 sec
        Start 247: cfg4Test.CInterpolationTest
247/251 Test #247: cfg4Test.CInterpolationTest ..................   Passed    1.48 sec
        Start 248: cfg4Test.OpRayleighTest
248/251 Test #248: cfg4Test.OpRayleighTest ......................   Passed    1.40 sec

        Start 251: okg4Test.OKG4Test
251/251 Test #251: okg4Test.OKG4Test ............................   Passed   19.73 sec

99% tests passed, 2 tests failed out of 251

Total Test time (real) = 134.61 sec

The following tests FAILED:
    224 - OptiXRapTest.OInterpolationTest (Failed)
    239 - cfg4Test.CTestDetectorTest (OTHER_FAULT)
Errors while running CTest</pre>
</div>
</div>


          </div>
        </div>
      </div>
      <div class="clearer"></div>
    </div>
    <div class="related">
      <h3>Navigation</h3>
      <ul>
        <li class="right" style="margin-right: 10px">
          <a href="../genindex.html" title="General Index"
             >index</a></li>
        <li><a href="../index.html">OpticksDevNotes 0.0.1 documentation</a> &raquo;</li> 
      </ul>
    </div>
    <div class="footer">
        &copy; Copyright 2016, Simon C Blyth.
      Created using <a href="http://sphinx-doc.org/">Sphinx</a> 1.2.
    </div>
  </body>
</html>